<?xml version="1.0" encoding="UTF-8"?>
<testsuite name="Test"
           tests="3"
           failures="0"
           errors="0"
           skipped="0"
           time="4.223">
    <properties></properties>



            <testcase
                name="Test3"
                time="1.064"
                classname="com.automationtalks.ui.UITest1">
            </testcase>
            <testcase
                name="Test2"
                time="1.057"
                classname="com.automationtalks.ui.UITest1">
            </testcase>
            <testcase
                name="Test1"
                time="2.102"
                classname="com.automationtalks.ui.UITest1">
            </testcase>
</testsuite>
