<?xml version="1.0" encoding="UTF-8"?>
<!-- Generated by org.testng.reporters.JUnitXMLReporter -->
<testsuite ignored="0" hostname="Monkey-HP" failures="0" tests="3" name="Test" time="7.651" errors="0" timestamp="2024-12-28T18:00:53 PST">
  <testcase classname="com.automationtalks.ui.UITest1" name="Test1" time="2.102"/>
  <testcase classname="com.automationtalks.ui.UITest1" name="Test2" time="1.057"/>
  <testcase classname="com.automationtalks.ui.UITest1" name="Test3" time="1.064"/>
</testsuite> <!-- Test -->
