<?xml version="1.0" encoding="UTF-8"?>
<testsuite xmlns:xsi="http://www.w3.org/2001/XMLSchema-instance" xsi:noNamespaceSchemaLocation="https://maven.apache.org/surefire/maven-surefire-plugin/xsd/surefire-test-report.xsd" version="3.0.2" name="TestSuite" time="8.129" tests="3" errors="0" skipped="0" failures="0">
  <properties>
[...]
</properties>
  <testcase name="Test1" classname="com.automationtalks.ui.UITest1" time="2.103">
    <system-out><![CDATA[Test 1 title is: AutomationTalks - Learn Automation Testing
]]></system-out>
    <system-err><![CDATA[SLF4J: Failed to load class "org.slf4j.impl.StaticLoggerBinder".
SLF4J: Defaulting to no-operation (NOP) logger implementation
SLF4J: See http://www.slf4j.org/codes.html#StaticLoggerBinder for further details.
]]></system-err>
  </testcase>
  <testcase name="Test2" classname="com.automationtalks.ui.UITest1" time="1.058">
    <system-out><![CDATA[Test 2 title is: AutomationTalks - Learn Automation Testing
]]></system-out>
  </testcase>
  <testcase name="Test3" classname="com.automationtalks.ui.UITest1" time="1.066">
    <system-out><![CDATA[Test 3 title is: AutomationTalks - Learn Automation Testing
]]></system-out>
  </testcase>
</testsuite>