<?xml version="1.0" encoding="UTF-8"?>
<testng-results ignored="0" total="3" passed="3" failed="0" skipped="0">
  <reporter-output>
  </reporter-output>
  <suite started-at="2024-12-28T18:00:46 PST" name="Suite" finished-at="2024-12-28T18:00:53 PST" duration-ms="7651">
    <groups>
    </groups>
    <test started-at="2024-12-28T18:00:46 PST" name="Test" finished-at="2024-12-28T18:00:53 PST" duration-ms="7651">
      <class name="com.automationtalks.ui.UITest1">
        <test-method is-config="true" signature="launchDriver()[pri:0, instance:com.automationtalks.ui.UITest1@62150f9e]" started-at="2024-12-28T18:00:46 PST" name="launchDriver" finished-at="2024-12-28T18:00:47 PST" duration-ms="1464" status="PASS">
          <reporter-output>
          </reporter-output>
        </test-method> <!-- launchDriver -->
        <test-method signature="Test1()[pri:0, instance:com.automationtalks.ui.UITest1@62150f9e]" started-at="2024-12-28T18:00:47 PST" name="Test1" finished-at="2024-12-28T18:00:49 PST" duration-ms="2102" status="PASS">
          <reporter-output>
          </reporter-output>
        </test-method> <!-- Test1 -->
        <test-method is-config="true" signature="quit()[pri:0, instance:com.automationtalks.ui.UITest1@62150f9e]" started-at="2024-12-28T18:00:49 PST" name="quit" finished-at="2024-12-28T18:00:50 PST" duration-ms="122" status="PASS">
          <reporter-output>
          </reporter-output>
        </test-method> <!-- quit -->
        <test-method is-config="true" signature="launchDriver()[pri:0, instance:com.automationtalks.ui.UITest1@62150f9e]" started-at="2024-12-28T18:00:50 PST" name="launchDriver" finished-at="2024-12-28T18:00:50 PST" duration-ms="780" status="PASS">
          <reporter-output>
          </reporter-output>
        </test-method> <!-- launchDriver -->
        <test-method signature="Test2()[pri:0, instance:com.automationtalks.ui.UITest1@62150f9e]" started-at="2024-12-28T18:00:50 PST" name="Test2" finished-at="2024-12-28T18:00:51 PST" duration-ms="1057" status="PASS">
          <reporter-output>
          </reporter-output>
        </test-method> <!-- Test2 -->
        <test-method is-config="true" signature="quit()[pri:0, instance:com.automationtalks.ui.UITest1@62150f9e]" started-at="2024-12-28T18:00:51 PST" name="quit" finished-at="2024-12-28T18:00:51 PST" duration-ms="129" status="PASS">
          <reporter-output>
          </reporter-output>
        </test-method> <!-- quit -->
        <test-method is-config="true" signature="launchDriver()[pri:0, instance:com.automationtalks.ui.UITest1@62150f9e]" started-at="2024-12-28T18:00:51 PST" name="launchDriver" finished-at="2024-12-28T18:00:52 PST" duration-ms="794" status="PASS">
          <reporter-output>
          </reporter-output>
        </test-method> <!-- launchDriver -->
        <test-method signature="Test3()[pri:0, instance:com.automationtalks.ui.UITest1@62150f9e]" started-at="2024-12-28T18:00:52 PST" name="Test3" finished-at="2024-12-28T18:00:53 PST" duration-ms="1064" status="PASS">
          <reporter-output>
          </reporter-output>
        </test-method> <!-- Test3 -->
        <test-method is-config="true" signature="quit()[pri:0, instance:com.automationtalks.ui.UITest1@62150f9e]" started-at="2024-12-28T18:00:53 PST" name="quit" finished-at="2024-12-28T18:00:53 PST" duration-ms="116" status="PASS">
          <reporter-output>
          </reporter-output>
        </test-method> <!-- quit -->
      </class> <!-- com.automationtalks.ui.UITest1 -->
    </test> <!-- Test -->
  </suite> <!-- Suite -->
</testng-results>
